nohup: ignoring input
[92mINFO [0m:      
[92mINFO [0m:      [RUN 0, ROUND ]
[92mINFO [0m:      Received: evaluate message 1e6a4d9e-c0ff-4e7e-9a02-a5db7a23f8c8
[93mWARNING [0m:   Deprecation Warning: The `client_fn` function must return an instance of `Client`, but an instance of `NumpyClient` was returned. Please use `NumPyClient.to_client()` method to convert it to `Client`.
Error importing huggingface_hub.hf_api: No module named 'tqdm'
Error importing huggingface_hub.hf_api: No module named 'tqdm'
[92mINFO [0m:      Sent reply
[92mINFO [0m:      
[92mINFO [0m:      [RUN 0, ROUND ]
[92mINFO [0m:      Received: train message 177b43d1-a290-4f0a-83bc-5c38cb8904d0
[93mWARNING [0m:   Deprecation Warning: The `client_fn` function must return an instance of `Client`, but an instance of `NumpyClient` was returned. Please use `NumPyClient.to_client()` method to convert it to `Client`.

{'loss': [81.72082775831223], 'accuracy': [0.508209538702111], 'auc': [0.7167212504985642]}

[92mINFO [0m:      Sent reply
[92mINFO [0m:      
[92mINFO [0m:      [RUN 0, ROUND ]
[92mINFO [0m:      Received: evaluate message b28ee8de-a962-4c96-963a-883ebc41a051
[93mWARNING [0m:   Deprecation Warning: The `client_fn` function must return an instance of `Client`, but an instance of `NumpyClient` was returned. Please use `NumPyClient.to_client()` method to convert it to `Client`.
[92mINFO [0m:      Sent reply
[92mINFO [0m:      
[92mINFO [0m:      [RUN 0, ROUND ]
[92mINFO [0m:      Received: train message 49022759-1131-400f-9b08-3ad274a1e418
[93mWARNING [0m:   Deprecation Warning: The `client_fn` function must return an instance of `Client`, but an instance of `NumpyClient` was returned. Please use `NumPyClient.to_client()` method to convert it to `Client`.

{'loss': [81.72082775831223, 76.59264808893204], 'accuracy': [0.508209538702111, 0.5136825645035183], 'auc': [0.7167212504985642, 0.7203626524575851]}

[92mINFO [0m:      Sent reply
[92mINFO [0m:      
[92mINFO [0m:      [RUN 0, ROUND ]
[92mINFO [0m:      Received: evaluate message 841049dd-b710-4c56-82a5-e5fe6059eee0
[93mWARNING [0m:   Deprecation Warning: The `client_fn` function must return an instance of `Client`, but an instance of `NumpyClient` was returned. Please use `NumPyClient.to_client()` method to convert it to `Client`.
[92mINFO [0m:      Sent reply
[92mINFO [0m:      
[92mINFO [0m:      [RUN 0, ROUND ]
[92mINFO [0m:      Received: train message 847e5278-1201-417d-ace3-185b11615bde
[93mWARNING [0m:   Deprecation Warning: The `client_fn` function must return an instance of `Client`, but an instance of `NumpyClient` was returned. Please use `NumPyClient.to_client()` method to convert it to `Client`.

{'loss': [81.72082775831223, 76.59264808893204, 76.93209972977638], 'accuracy': [0.508209538702111, 0.5136825645035183, 0.5121188428459734], 'auc': [0.7167212504985642, 0.7203626524575851, 0.7251015507734562]}

[92mINFO [0m:      Sent reply
[92mINFO [0m:      
[92mINFO [0m:      [RUN 0, ROUND ]
[92mINFO [0m:      Received: evaluate message 39811e74-5909-41c3-aead-9e24773933d3
[93mWARNING [0m:   Deprecation Warning: The `client_fn` function must return an instance of `Client`, but an instance of `NumpyClient` was returned. Please use `NumPyClient.to_client()` method to convert it to `Client`.
[92mINFO [0m:      Sent reply
[92mINFO [0m:      
[92mINFO [0m:      [RUN 0, ROUND ]
[92mINFO [0m:      Received: train message 50b9c027-a490-4a4d-9c1b-0b92b918a04d
[93mWARNING [0m:   Deprecation Warning: The `client_fn` function must return an instance of `Client`, but an instance of `NumpyClient` was returned. Please use `NumPyClient.to_client()` method to convert it to `Client`.

{'loss': [81.72082775831223, 76.59264808893204, 76.93209972977638, 75.98650553822517], 'accuracy': [0.508209538702111, 0.5136825645035183, 0.5121188428459734, 0.5215011727912432], 'auc': [0.7167212504985642, 0.7203626524575851, 0.7251015507734562, 0.7287381886135486]}

[92mINFO [0m:      Sent reply
[92mINFO [0m:      
[92mINFO [0m:      [RUN 0, ROUND ]
[92mINFO [0m:      Received: evaluate message 084b4bee-7d50-4ef7-a5ac-2ab1d27c5360
[93mWARNING [0m:   Deprecation Warning: The `client_fn` function must return an instance of `Client`, but an instance of `NumpyClient` was returned. Please use `NumPyClient.to_client()` method to convert it to `Client`.
[92mINFO [0m:      Sent reply
[92mINFO [0m:      
[92mINFO [0m:      [RUN 0, ROUND ]
[92mINFO [0m:      Received: train message 692a0711-f4eb-44e4-b958-736c4ea9ba0a
[93mWARNING [0m:   Deprecation Warning: The `client_fn` function must return an instance of `Client`, but an instance of `NumpyClient` was returned. Please use `NumPyClient.to_client()` method to convert it to `Client`.

{'loss': [81.72082775831223, 76.59264808893204, 76.93209972977638, 75.98650553822517, 76.02446858584881], 'accuracy': [0.508209538702111, 0.5136825645035183, 0.5121188428459734, 0.5215011727912432, 0.5144644253322909], 'auc': [0.7167212504985642, 0.7203626524575851, 0.7251015507734562, 0.7287381886135486, 0.7321352693609555]}

[92mINFO [0m:      Sent reply
[92mINFO [0m:      
[92mINFO [0m:      [RUN 0, ROUND ]
[92mINFO [0m:      Received: evaluate message 03246e3d-c63b-4cc2-bbd8-4ed839862085
[93mWARNING [0m:   Deprecation Warning: The `client_fn` function must return an instance of `Client`, but an instance of `NumpyClient` was returned. Please use `NumPyClient.to_client()` method to convert it to `Client`.
[92mINFO [0m:      Sent reply
[92mINFO [0m:      
[92mINFO [0m:      [RUN 0, ROUND ]
[92mINFO [0m:      Received: train message 11cca1d0-aced-43ab-94b9-313fc1b0db1e
[93mWARNING [0m:   Deprecation Warning: The `client_fn` function must return an instance of `Client`, but an instance of `NumpyClient` was returned. Please use `NumPyClient.to_client()` method to convert it to `Client`.

{'loss': [81.72082775831223, 76.59264808893204, 76.93209972977638, 75.98650553822517, 76.02446858584881, 76.90593276917934], 'accuracy': [0.508209538702111, 0.5136825645035183, 0.5121188428459734, 0.5215011727912432, 0.5144644253322909, 0.5144644253322909], 'auc': [0.7167212504985642, 0.7203626524575851, 0.7251015507734562, 0.7287381886135486, 0.7321352693609555, 0.7350227868523589]}

[92mINFO [0m:      Sent reply
[92mINFO [0m:      
[92mINFO [0m:      [RUN 0, ROUND ]
[92mINFO [0m:      Received: evaluate message 337e0aa0-c663-4ec5-8909-804083763e39
[93mWARNING [0m:   Deprecation Warning: The `client_fn` function must return an instance of `Client`, but an instance of `NumpyClient` was returned. Please use `NumPyClient.to_client()` method to convert it to `Client`.
[92mINFO [0m:      Sent reply
[92mINFO [0m:      
[92mINFO [0m:      [RUN 0, ROUND ]
[92mINFO [0m:      Received: train message efbd1ae0-ac97-4c63-8aec-ea77f84f766d
[93mWARNING [0m:   Deprecation Warning: The `client_fn` function must return an instance of `Client`, but an instance of `NumpyClient` was returned. Please use `NumPyClient.to_client()` method to convert it to `Client`.

{'loss': [81.72082775831223, 76.59264808893204, 76.93209972977638, 75.98650553822517, 76.02446858584881, 76.90593276917934, 75.72381374239922], 'accuracy': [0.508209538702111, 0.5136825645035183, 0.5121188428459734, 0.5215011727912432, 0.5144644253322909, 0.5144644253322909, 0.5175918686473807], 'auc': [0.7167212504985642, 0.7203626524575851, 0.7251015507734562, 0.7287381886135486, 0.7321352693609555, 0.7350227868523589, 0.7379858227591094]}

[92mINFO [0m:      Sent reply
[92mINFO [0m:      
[92mINFO [0m:      [RUN 0, ROUND ]
[92mINFO [0m:      Received: evaluate message ad85116c-c70e-41ed-8fa1-390c80f84846
[93mWARNING [0m:   Deprecation Warning: The `client_fn` function must return an instance of `Client`, but an instance of `NumpyClient` was returned. Please use `NumPyClient.to_client()` method to convert it to `Client`.
[92mINFO [0m:      Sent reply
[92mINFO [0m:      
[92mINFO [0m:      [RUN 0, ROUND ]
[92mINFO [0m:      Received: train message 5366d87d-6faf-49b1-b4a3-fc944f6f5be8
[93mWARNING [0m:   Deprecation Warning: The `client_fn` function must return an instance of `Client`, but an instance of `NumpyClient` was returned. Please use `NumPyClient.to_client()` method to convert it to `Client`.

{'loss': [81.72082775831223, 76.59264808893204, 76.93209972977638, 75.98650553822517, 76.02446858584881, 76.90593276917934, 75.72381374239922, 75.63962505757809], 'accuracy': [0.508209538702111, 0.5136825645035183, 0.5121188428459734, 0.5215011727912432, 0.5144644253322909, 0.5144644253322909, 0.5175918686473807, 0.5183737294761532], 'auc': [0.7167212504985642, 0.7203626524575851, 0.7251015507734562, 0.7287381886135486, 0.7321352693609555, 0.7350227868523589, 0.7379858227591094, 0.7401667214822836]}

[92mINFO [0m:      Sent reply
[92mINFO [0m:      
[92mINFO [0m:      [RUN 0, ROUND ]
[92mINFO [0m:      Received: evaluate message 563a5382-7171-4bf9-bc28-817c51748905
[93mWARNING [0m:   Deprecation Warning: The `client_fn` function must return an instance of `Client`, but an instance of `NumpyClient` was returned. Please use `NumPyClient.to_client()` method to convert it to `Client`.
[92mINFO [0m:      Sent reply
[92mINFO [0m:      
[92mINFO [0m:      [RUN 0, ROUND ]
[92mINFO [0m:      Received: train message fd76302c-438d-417b-943b-fc38eff13558
[93mWARNING [0m:   Deprecation Warning: The `client_fn` function must return an instance of `Client`, but an instance of `NumpyClient` was returned. Please use `NumPyClient.to_client()` method to convert it to `Client`.

{'loss': [81.72082775831223, 76.59264808893204, 76.93209972977638, 75.98650553822517, 76.02446858584881, 76.90593276917934, 75.72381374239922, 75.63962505757809, 75.28401610255241], 'accuracy': [0.508209538702111, 0.5136825645035183, 0.5121188428459734, 0.5215011727912432, 0.5144644253322909, 0.5144644253322909, 0.5175918686473807, 0.5183737294761532, 0.5238467552775606], 'auc': [0.7167212504985642, 0.7203626524575851, 0.7251015507734562, 0.7287381886135486, 0.7321352693609555, 0.7350227868523589, 0.7379858227591094, 0.7401667214822836, 0.7421792015383974]}

[92mINFO [0m:      Sent reply
[92mINFO [0m:      
[92mINFO [0m:      [RUN 0, ROUND ]
[92mINFO [0m:      Received: evaluate message 99995083-d9a4-4715-b8af-65c4fa46343d
[93mWARNING [0m:   Deprecation Warning: The `client_fn` function must return an instance of `Client`, but an instance of `NumpyClient` was returned. Please use `NumPyClient.to_client()` method to convert it to `Client`.
[92mINFO [0m:      Sent reply
[92mINFO [0m:      
[92mINFO [0m:      [RUN 0, ROUND ]
[92mINFO [0m:      Received: train message e988f15d-6631-4055-8d7b-2ff9732fc2f6
[93mWARNING [0m:   Deprecation Warning: The `client_fn` function must return an instance of `Client`, but an instance of `NumpyClient` was returned. Please use `NumPyClient.to_client()` method to convert it to `Client`.

{'loss': [81.72082775831223, 76.59264808893204, 76.93209972977638, 75.98650553822517, 76.02446858584881, 76.90593276917934, 75.72381374239922, 75.63962505757809, 75.28401610255241, 75.12094527482986], 'accuracy': [0.508209538702111, 0.5136825645035183, 0.5121188428459734, 0.5215011727912432, 0.5144644253322909, 0.5144644253322909, 0.5175918686473807, 0.5183737294761532, 0.5238467552775606, 0.5238467552775606], 'auc': [0.7167212504985642, 0.7203626524575851, 0.7251015507734562, 0.7287381886135486, 0.7321352693609555, 0.7350227868523589, 0.7379858227591094, 0.7401667214822836, 0.7421792015383974, 0.7441277963033013]}

[92mINFO [0m:      Sent reply
[92mINFO [0m:      
[92mINFO [0m:      [RUN 0, ROUND ]
[92mINFO [0m:      Received: evaluate message 3c9beb94-de10-4471-a1f0-9b71f7c00fee
[93mWARNING [0m:   Deprecation Warning: The `client_fn` function must return an instance of `Client`, but an instance of `NumpyClient` was returned. Please use `NumPyClient.to_client()` method to convert it to `Client`.
[92mINFO [0m:      Sent reply
[92mINFO [0m:      
[92mINFO [0m:      [RUN 0, ROUND ]
[92mINFO [0m:      Received: train message e38626a1-77b5-4adb-a482-07e4dcad05a1
[93mWARNING [0m:   Deprecation Warning: The `client_fn` function must return an instance of `Client`, but an instance of `NumpyClient` was returned. Please use `NumPyClient.to_client()` method to convert it to `Client`.

{'loss': [81.72082775831223, 76.59264808893204, 76.93209972977638, 75.98650553822517, 76.02446858584881, 76.90593276917934, 75.72381374239922, 75.63962505757809, 75.28401610255241, 75.12094527482986, 75.3191100358963], 'accuracy': [0.508209538702111, 0.5136825645035183, 0.5121188428459734, 0.5215011727912432, 0.5144644253322909, 0.5144644253322909, 0.5175918686473807, 0.5183737294761532, 0.5238467552775606, 0.5238467552775606, 0.5230648944487881], 'auc': [0.7167212504985642, 0.7203626524575851, 0.7251015507734562, 0.7287381886135486, 0.7321352693609555, 0.7350227868523589, 0.7379858227591094, 0.7401667214822836, 0.7421792015383974, 0.7441277963033013, 0.7458216529390842]}

[92mINFO [0m:      Sent reply
[92mINFO [0m:      
[92mINFO [0m:      [RUN 0, ROUND ]
[92mINFO [0m:      Received: evaluate message 65b7d40e-97ec-4982-bae9-bccc43e173b1
[93mWARNING [0m:   Deprecation Warning: The `client_fn` function must return an instance of `Client`, but an instance of `NumpyClient` was returned. Please use `NumPyClient.to_client()` method to convert it to `Client`.
[92mINFO [0m:      Sent reply
[92mINFO [0m:      
[92mINFO [0m:      [RUN 0, ROUND ]
[92mINFO [0m:      Received: train message b096017b-e1bb-4e47-a052-d8c36ede1da6
[93mWARNING [0m:   Deprecation Warning: The `client_fn` function must return an instance of `Client`, but an instance of `NumpyClient` was returned. Please use `NumPyClient.to_client()` method to convert it to `Client`.

{'loss': [81.72082775831223, 76.59264808893204, 76.93209972977638, 75.98650553822517, 76.02446858584881, 76.90593276917934, 75.72381374239922, 75.63962505757809, 75.28401610255241, 75.12094527482986, 75.3191100358963, 74.87062172591686], 'accuracy': [0.508209538702111, 0.5136825645035183, 0.5121188428459734, 0.5215011727912432, 0.5144644253322909, 0.5144644253322909, 0.5175918686473807, 0.5183737294761532, 0.5238467552775606, 0.5238467552775606, 0.5230648944487881, 0.524628616106333], 'auc': [0.7167212504985642, 0.7203626524575851, 0.7251015507734562, 0.7287381886135486, 0.7321352693609555, 0.7350227868523589, 0.7379858227591094, 0.7401667214822836, 0.7421792015383974, 0.7441277963033013, 0.7458216529390842, 0.7477252944865382]}

[92mINFO [0m:      Sent reply
[92mINFO [0m:      
[92mINFO [0m:      [RUN 0, ROUND ]
[92mINFO [0m:      Received: evaluate message 1260091a-fc35-4ead-89be-f48567c04fb3
[93mWARNING [0m:   Deprecation Warning: The `client_fn` function must return an instance of `Client`, but an instance of `NumpyClient` was returned. Please use `NumPyClient.to_client()` method to convert it to `Client`.
[92mINFO [0m:      Sent reply
[92mINFO [0m:      
[92mINFO [0m:      [RUN 0, ROUND ]
[92mINFO [0m:      Received: train message 7fa6f8fa-1fd8-4d2c-b79c-477dd64f68bd
[93mWARNING [0m:   Deprecation Warning: The `client_fn` function must return an instance of `Client`, but an instance of `NumpyClient` was returned. Please use `NumPyClient.to_client()` method to convert it to `Client`.

{'loss': [81.72082775831223, 76.59264808893204, 76.93209972977638, 75.98650553822517, 76.02446858584881, 76.90593276917934, 75.72381374239922, 75.63962505757809, 75.28401610255241, 75.12094527482986, 75.3191100358963, 74.87062172591686, 74.80799332261086], 'accuracy': [0.508209538702111, 0.5136825645035183, 0.5121188428459734, 0.5215011727912432, 0.5144644253322909, 0.5144644253322909, 0.5175918686473807, 0.5183737294761532, 0.5238467552775606, 0.5238467552775606, 0.5230648944487881, 0.524628616106333, 0.5254104769351056], 'auc': [0.7167212504985642, 0.7203626524575851, 0.7251015507734562, 0.7287381886135486, 0.7321352693609555, 0.7350227868523589, 0.7379858227591094, 0.7401667214822836, 0.7421792015383974, 0.7441277963033013, 0.7458216529390842, 0.7477252944865382, 0.7490622580045643]}

[92mINFO [0m:      Sent reply
[92mINFO [0m:      
[92mINFO [0m:      [RUN 0, ROUND ]
[92mINFO [0m:      Received: evaluate message fb02b4de-07af-4369-b2d1-0bea71094414
[93mWARNING [0m:   Deprecation Warning: The `client_fn` function must return an instance of `Client`, but an instance of `NumpyClient` was returned. Please use `NumPyClient.to_client()` method to convert it to `Client`.
[92mINFO [0m:      Sent reply
[92mINFO [0m:      
[92mINFO [0m:      [RUN 0, ROUND ]
[92mINFO [0m:      Received: train message 953fe168-eb22-49b6-b29d-b32120f6ca2f
[93mWARNING [0m:   Deprecation Warning: The `client_fn` function must return an instance of `Client`, but an instance of `NumpyClient` was returned. Please use `NumPyClient.to_client()` method to convert it to `Client`.

{'loss': [81.72082775831223, 76.59264808893204, 76.93209972977638, 75.98650553822517, 76.02446858584881, 76.90593276917934, 75.72381374239922, 75.63962505757809, 75.28401610255241, 75.12094527482986, 75.3191100358963, 74.87062172591686, 74.80799332261086, 74.34377419948578], 'accuracy': [0.508209538702111, 0.5136825645035183, 0.5121188428459734, 0.5215011727912432, 0.5144644253322909, 0.5144644253322909, 0.5175918686473807, 0.5183737294761532, 0.5238467552775606, 0.5238467552775606, 0.5230648944487881, 0.524628616106333, 0.5254104769351056, 0.5355746677091477], 'auc': [0.7167212504985642, 0.7203626524575851, 0.7251015507734562, 0.7287381886135486, 0.7321352693609555, 0.7350227868523589, 0.7379858227591094, 0.7401667214822836, 0.7421792015383974, 0.7441277963033013, 0.7458216529390842, 0.7477252944865382, 0.7490622580045643, 0.7509070857126056]}

[92mINFO [0m:      Sent reply
[92mINFO [0m:      
[92mINFO [0m:      [RUN 0, ROUND ]
[92mINFO [0m:      Received: evaluate message 0190aad1-0708-444b-9858-946152e887d6
[93mWARNING [0m:   Deprecation Warning: The `client_fn` function must return an instance of `Client`, but an instance of `NumpyClient` was returned. Please use `NumPyClient.to_client()` method to convert it to `Client`.
[92mINFO [0m:      Sent reply
[92mINFO [0m:      
[92mINFO [0m:      [RUN 0, ROUND ]
[92mINFO [0m:      Received: train message 611084bf-b0d8-4f79-ae49-9f0eee4e74af
[93mWARNING [0m:   Deprecation Warning: The `client_fn` function must return an instance of `Client`, but an instance of `NumpyClient` was returned. Please use `NumPyClient.to_client()` method to convert it to `Client`.

{'loss': [81.72082775831223, 76.59264808893204, 76.93209972977638, 75.98650553822517, 76.02446858584881, 76.90593276917934, 75.72381374239922, 75.63962505757809, 75.28401610255241, 75.12094527482986, 75.3191100358963, 74.87062172591686, 74.80799332261086, 74.34377419948578, 74.91446030139923], 'accuracy': [0.508209538702111, 0.5136825645035183, 0.5121188428459734, 0.5215011727912432, 0.5144644253322909, 0.5144644253322909, 0.5175918686473807, 0.5183737294761532, 0.5238467552775606, 0.5238467552775606, 0.5230648944487881, 0.524628616106333, 0.5254104769351056, 0.5355746677091477, 0.5254104769351056], 'auc': [0.7167212504985642, 0.7203626524575851, 0.7251015507734562, 0.7287381886135486, 0.7321352693609555, 0.7350227868523589, 0.7379858227591094, 0.7401667214822836, 0.7421792015383974, 0.7441277963033013, 0.7458216529390842, 0.7477252944865382, 0.7490622580045643, 0.7509070857126056, 0.7518989758537067]}

[92mINFO [0m:      Sent reply
[92mINFO [0m:      
[92mINFO [0m:      [RUN 0, ROUND ]
[92mINFO [0m:      Received: evaluate message c03a161d-d063-4f8d-b9b9-d02e4ad85962
[93mWARNING [0m:   Deprecation Warning: The `client_fn` function must return an instance of `Client`, but an instance of `NumpyClient` was returned. Please use `NumPyClient.to_client()` method to convert it to `Client`.
[92mINFO [0m:      Sent reply
[92mINFO [0m:      
[92mINFO [0m:      [RUN 0, ROUND ]
[92mINFO [0m:      Received: train message 78df6bca-38e3-457b-88db-5049ecce33fc
[93mWARNING [0m:   Deprecation Warning: The `client_fn` function must return an instance of `Client`, but an instance of `NumpyClient` was returned. Please use `NumPyClient.to_client()` method to convert it to `Client`.

{'loss': [81.72082775831223, 76.59264808893204, 76.93209972977638, 75.98650553822517, 76.02446858584881, 76.90593276917934, 75.72381374239922, 75.63962505757809, 75.28401610255241, 75.12094527482986, 75.3191100358963, 74.87062172591686, 74.80799332261086, 74.34377419948578, 74.91446030139923, 74.69710679352283], 'accuracy': [0.508209538702111, 0.5136825645035183, 0.5121188428459734, 0.5215011727912432, 0.5144644253322909, 0.5144644253322909, 0.5175918686473807, 0.5183737294761532, 0.5238467552775606, 0.5238467552775606, 0.5230648944487881, 0.524628616106333, 0.5254104769351056, 0.5355746677091477, 0.5254104769351056, 0.5293197810789679], 'auc': [0.7167212504985642, 0.7203626524575851, 0.7251015507734562, 0.7287381886135486, 0.7321352693609555, 0.7350227868523589, 0.7379858227591094, 0.7401667214822836, 0.7421792015383974, 0.7441277963033013, 0.7458216529390842, 0.7477252944865382, 0.7490622580045643, 0.7509070857126056, 0.7518989758537067, 0.7535110134757926]}

[92mINFO [0m:      Sent reply
[92mINFO [0m:      
[92mINFO [0m:      [RUN 0, ROUND ]
[92mINFO [0m:      Received: evaluate message 49723cc3-1cca-4ea1-9cb3-72007946e725
[93mWARNING [0m:   Deprecation Warning: The `client_fn` function must return an instance of `Client`, but an instance of `NumpyClient` was returned. Please use `NumPyClient.to_client()` method to convert it to `Client`.
[92mINFO [0m:      Sent reply
[92mINFO [0m:      
[92mINFO [0m:      [RUN 0, ROUND ]
[92mINFO [0m:      Received: train message 5f0b3870-579b-4761-b3c7-bf49606745d8
[93mWARNING [0m:   Deprecation Warning: The `client_fn` function must return an instance of `Client`, but an instance of `NumpyClient` was returned. Please use `NumPyClient.to_client()` method to convert it to `Client`.

{'loss': [81.72082775831223, 76.59264808893204, 76.93209972977638, 75.98650553822517, 76.02446858584881, 76.90593276917934, 75.72381374239922, 75.63962505757809, 75.28401610255241, 75.12094527482986, 75.3191100358963, 74.87062172591686, 74.80799332261086, 74.34377419948578, 74.91446030139923, 74.69710679352283, 74.50995883345604], 'accuracy': [0.508209538702111, 0.5136825645035183, 0.5121188428459734, 0.5215011727912432, 0.5144644253322909, 0.5144644253322909, 0.5175918686473807, 0.5183737294761532, 0.5238467552775606, 0.5238467552775606, 0.5230648944487881, 0.524628616106333, 0.5254104769351056, 0.5355746677091477, 0.5254104769351056, 0.5293197810789679, 0.5324472243940579], 'auc': [0.7167212504985642, 0.7203626524575851, 0.7251015507734562, 0.7287381886135486, 0.7321352693609555, 0.7350227868523589, 0.7379858227591094, 0.7401667214822836, 0.7421792015383974, 0.7441277963033013, 0.7458216529390842, 0.7477252944865382, 0.7490622580045643, 0.7509070857126056, 0.7518989758537067, 0.7535110134757926, 0.7550981108451758]}

[92mINFO [0m:      Sent reply
[92mINFO [0m:      
[92mINFO [0m:      [RUN 0, ROUND ]
[92mINFO [0m:      Received: evaluate message 85cf4743-ecf0-42e0-a4ee-cc21cc3f498c
[93mWARNING [0m:   Deprecation Warning: The `client_fn` function must return an instance of `Client`, but an instance of `NumpyClient` was returned. Please use `NumPyClient.to_client()` method to convert it to `Client`.
[92mINFO [0m:      Sent reply
[92mINFO [0m:      
[92mINFO [0m:      [RUN 0, ROUND ]
[92mINFO [0m:      Received: train message d64ee111-a2e3-4c33-a0a8-e0dd5f626d86
[93mWARNING [0m:   Deprecation Warning: The `client_fn` function must return an instance of `Client`, but an instance of `NumpyClient` was returned. Please use `NumPyClient.to_client()` method to convert it to `Client`.

{'loss': [81.72082775831223, 76.59264808893204, 76.93209972977638, 75.98650553822517, 76.02446858584881, 76.90593276917934, 75.72381374239922, 75.63962505757809, 75.28401610255241, 75.12094527482986, 75.3191100358963, 74.87062172591686, 74.80799332261086, 74.34377419948578, 74.91446030139923, 74.69710679352283, 74.50995883345604, 74.18396104872227], 'accuracy': [0.508209538702111, 0.5136825645035183, 0.5121188428459734, 0.5215011727912432, 0.5144644253322909, 0.5144644253322909, 0.5175918686473807, 0.5183737294761532, 0.5238467552775606, 0.5238467552775606, 0.5230648944487881, 0.524628616106333, 0.5254104769351056, 0.5355746677091477, 0.5254104769351056, 0.5293197810789679, 0.5324472243940579, 0.5316653635652854], 'auc': [0.7167212504985642, 0.7203626524575851, 0.7251015507734562, 0.7287381886135486, 0.7321352693609555, 0.7350227868523589, 0.7379858227591094, 0.7401667214822836, 0.7421792015383974, 0.7441277963033013, 0.7458216529390842, 0.7477252944865382, 0.7490622580045643, 0.7509070857126056, 0.7518989758537067, 0.7535110134757926, 0.7550981108451758, 0.7564463061121545]}

[92mINFO [0m:      Sent reply
[92mINFO [0m:      
[92mINFO [0m:      [RUN 0, ROUND ]
[92mINFO [0m:      Received: evaluate message 8cef5a2b-a57a-47c7-b23c-623caa59d159
[93mWARNING [0m:   Deprecation Warning: The `client_fn` function must return an instance of `Client`, but an instance of `NumpyClient` was returned. Please use `NumPyClient.to_client()` method to convert it to `Client`.
[92mINFO [0m:      Sent reply
[92mINFO [0m:      
[92mINFO [0m:      [RUN 0, ROUND ]
[92mINFO [0m:      Received: train message e690f41f-4f5e-4ec2-b054-992ca09bd7d5
[93mWARNING [0m:   Deprecation Warning: The `client_fn` function must return an instance of `Client`, but an instance of `NumpyClient` was returned. Please use `NumPyClient.to_client()` method to convert it to `Client`.

{'loss': [81.72082775831223, 76.59264808893204, 76.93209972977638, 75.98650553822517, 76.02446858584881, 76.90593276917934, 75.72381374239922, 75.63962505757809, 75.28401610255241, 75.12094527482986, 75.3191100358963, 74.87062172591686, 74.80799332261086, 74.34377419948578, 74.91446030139923, 74.69710679352283, 74.50995883345604, 74.18396104872227, 74.41594150662422], 'accuracy': [0.508209538702111, 0.5136825645035183, 0.5121188428459734, 0.5215011727912432, 0.5144644253322909, 0.5144644253322909, 0.5175918686473807, 0.5183737294761532, 0.5238467552775606, 0.5238467552775606, 0.5230648944487881, 0.524628616106333, 0.5254104769351056, 0.5355746677091477, 0.5254104769351056, 0.5293197810789679, 0.5324472243940579, 0.5316653635652854, 0.5347928068803753], 'auc': [0.7167212504985642, 0.7203626524575851, 0.7251015507734562, 0.7287381886135486, 0.7321352693609555, 0.7350227868523589, 0.7379858227591094, 0.7401667214822836, 0.7421792015383974, 0.7441277963033013, 0.7458216529390842, 0.7477252944865382, 0.7490622580045643, 0.7509070857126056, 0.7518989758537067, 0.7535110134757926, 0.7550981108451758, 0.7564463061121545, 0.7572036053024174]}

[92mINFO [0m:      Sent reply
[92mINFO [0m:      
[92mINFO [0m:      [RUN 0, ROUND ]
[92mINFO [0m:      Received: evaluate message be871f85-e069-4408-a908-fb9f42c99b68
[93mWARNING [0m:   Deprecation Warning: The `client_fn` function must return an instance of `Client`, but an instance of `NumpyClient` was returned. Please use `NumPyClient.to_client()` method to convert it to `Client`.
[92mINFO [0m:      Sent reply
[92mINFO [0m:      
[92mINFO [0m:      [RUN 0, ROUND ]
[92mINFO [0m:      Received: train message 7d7204d2-6262-4dc2-9928-1d1d5037d1d4
[93mWARNING [0m:   Deprecation Warning: The `client_fn` function must return an instance of `Client`, but an instance of `NumpyClient` was returned. Please use `NumPyClient.to_client()` method to convert it to `Client`.

{'loss': [81.72082775831223, 76.59264808893204, 76.93209972977638, 75.98650553822517, 76.02446858584881, 76.90593276917934, 75.72381374239922, 75.63962505757809, 75.28401610255241, 75.12094527482986, 75.3191100358963, 74.87062172591686, 74.80799332261086, 74.34377419948578, 74.91446030139923, 74.69710679352283, 74.50995883345604, 74.18396104872227, 74.41594150662422, 74.43173502385616], 'accuracy': [0.508209538702111, 0.5136825645035183, 0.5121188428459734, 0.5215011727912432, 0.5144644253322909, 0.5144644253322909, 0.5175918686473807, 0.5183737294761532, 0.5238467552775606, 0.5238467552775606, 0.5230648944487881, 0.524628616106333, 0.5254104769351056, 0.5355746677091477, 0.5254104769351056, 0.5293197810789679, 0.5324472243940579, 0.5316653635652854, 0.5347928068803753, 0.5332290852228303], 'auc': [0.7167212504985642, 0.7203626524575851, 0.7251015507734562, 0.7287381886135486, 0.7321352693609555, 0.7350227868523589, 0.7379858227591094, 0.7401667214822836, 0.7421792015383974, 0.7441277963033013, 0.7458216529390842, 0.7477252944865382, 0.7490622580045643, 0.7509070857126056, 0.7518989758537067, 0.7535110134757926, 0.7550981108451758, 0.7564463061121545, 0.7572036053024174, 0.7580066196905211]}

[92mINFO [0m:      Sent reply
[92mINFO [0m:      
[92mINFO [0m:      [RUN 0, ROUND ]
[92mINFO [0m:      Received: evaluate message d5107606-d827-4f84-820c-d3b83fbe47e5
[93mWARNING [0m:   Deprecation Warning: The `client_fn` function must return an instance of `Client`, but an instance of `NumpyClient` was returned. Please use `NumPyClient.to_client()` method to convert it to `Client`.
[92mINFO [0m:      Sent reply
[92mINFO [0m:      
[92mINFO [0m:      [RUN 0, ROUND ]
[92mINFO [0m:      Received: train message b74c9514-54af-41c7-aaae-8d1c6cab908e
[93mWARNING [0m:   Deprecation Warning: The `client_fn` function must return an instance of `Client`, but an instance of `NumpyClient` was returned. Please use `NumPyClient.to_client()` method to convert it to `Client`.

{'loss': [81.72082775831223, 76.59264808893204, 76.93209972977638, 75.98650553822517, 76.02446858584881, 76.90593276917934, 75.72381374239922, 75.63962505757809, 75.28401610255241, 75.12094527482986, 75.3191100358963, 74.87062172591686, 74.80799332261086, 74.34377419948578, 74.91446030139923, 74.69710679352283, 74.50995883345604, 74.18396104872227, 74.41594150662422, 74.43173502385616, 74.45217803120613], 'accuracy': [0.508209538702111, 0.5136825645035183, 0.5121188428459734, 0.5215011727912432, 0.5144644253322909, 0.5144644253322909, 0.5175918686473807, 0.5183737294761532, 0.5238467552775606, 0.5238467552775606, 0.5230648944487881, 0.524628616106333, 0.5254104769351056, 0.5355746677091477, 0.5254104769351056, 0.5293197810789679, 0.5324472243940579, 0.5316653635652854, 0.5347928068803753, 0.5332290852228303, 0.5332290852228303], 'auc': [0.7167212504985642, 0.7203626524575851, 0.7251015507734562, 0.7287381886135486, 0.7321352693609555, 0.7350227868523589, 0.7379858227591094, 0.7401667214822836, 0.7421792015383974, 0.7441277963033013, 0.7458216529390842, 0.7477252944865382, 0.7490622580045643, 0.7509070857126056, 0.7518989758537067, 0.7535110134757926, 0.7550981108451758, 0.7564463061121545, 0.7572036053024174, 0.7580066196905211, 0.7592419754671975]}

ERROR: Unexpected segmentation fault encountered in worker.
 [91mERROR [0m:     Client raised an exception.
Traceback (most recent call last):
  File "/home/dgxuser16/.local/lib/python3.8/site-packages/torch/utils/data/dataloader.py", line 1132, in _try_get_data
    data = self._data_queue.get(timeout=timeout)
  File "/home/dgxuser16/anaconda3/envs/ihpc/lib/python3.8/multiprocessing/queues.py", line 107, in get
    if not self._poll(timeout):
  File "/home/dgxuser16/anaconda3/envs/ihpc/lib/python3.8/multiprocessing/connection.py", line 257, in poll
    return self._poll(timeout)
  File "/home/dgxuser16/anaconda3/envs/ihpc/lib/python3.8/multiprocessing/connection.py", line 424, in _poll
    r = wait([self], timeout)
  File "/home/dgxuser16/anaconda3/envs/ihpc/lib/python3.8/multiprocessing/connection.py", line 931, in wait
    ready = selector.select(timeout)
  File "/home/dgxuser16/anaconda3/envs/ihpc/lib/python3.8/selectors.py", line 415, in select
    fd_event_list = self._selector.poll(timeout)
  File "/home/dgxuser16/.local/lib/python3.8/site-packages/torch/utils/data/_utils/signal_handling.py", line 66, in handler
    _error_if_any_worker_fails()
RuntimeError: DataLoader worker (pid 1954118) is killed by signal: Segmentation fault. 

The above exception was the direct cause of the following exception:

Traceback (most recent call last):
  File "/home/dgxuser16/.local/lib/python3.8/site-packages/flwr/client/app.py", line 496, in _start_client_internal
    reply_message = client_app(message=message, context=context)
  File "/home/dgxuser16/.local/lib/python3.8/site-packages/flwr/client/client_app.py", line 98, in __call__
    return self._call(message, context)
  File "/home/dgxuser16/.local/lib/python3.8/site-packages/flwr/client/client_app.py", line 81, in ffn
    out_message = handle_legacy_message_from_msgtype(
  File "/home/dgxuser16/.local/lib/python3.8/site-packages/flwr/client/message_handler/message_handler.py", line 130, in handle_legacy_message_from_msgtype
    fit_res = maybe_call_fit(
  File "/home/dgxuser16/.local/lib/python3.8/site-packages/flwr/client/client.py", line 234, in maybe_call_fit
    return client.fit(fit_ins)
  File "/home/dgxuser16/.local/lib/python3.8/site-packages/flwr/client/numpy_client.py", line 238, in _fit
    results = self.numpy_client.fit(parameters, ins.config)  # type: ignore
  File "client_1.py", line 123, in fit
    train(
  File "client_1.py", line 67, in train
    for images, labels in trainloader:
  File "/home/dgxuser16/.local/lib/python3.8/site-packages/torch/utils/data/dataloader.py", line 630, in __next__
    data = self._next_data()
  File "/home/dgxuser16/.local/lib/python3.8/site-packages/torch/utils/data/dataloader.py", line 1328, in _next_data
    idx, data = self._get_data()
  File "/home/dgxuser16/.local/lib/python3.8/site-packages/torch/utils/data/dataloader.py", line 1294, in _get_data
    success, data = self._try_get_data()
  File "/home/dgxuser16/.local/lib/python3.8/site-packages/torch/utils/data/dataloader.py", line 1145, in _try_get_data
    raise RuntimeError(f'DataLoader worker (pid(s) {pids_str}) exited unexpectedly') from e
RuntimeError: DataLoader worker (pid(s) 1954118) exited unexpectedly
Traceback (most recent call last):
  File "/home/dgxuser16/.local/lib/python3.8/site-packages/torch/utils/data/dataloader.py", line 1132, in _try_get_data
    data = self._data_queue.get(timeout=timeout)
  File "/home/dgxuser16/anaconda3/envs/ihpc/lib/python3.8/multiprocessing/queues.py", line 107, in get
    if not self._poll(timeout):
  File "/home/dgxuser16/anaconda3/envs/ihpc/lib/python3.8/multiprocessing/connection.py", line 257, in poll
    return self._poll(timeout)
  File "/home/dgxuser16/anaconda3/envs/ihpc/lib/python3.8/multiprocessing/connection.py", line 424, in _poll
    r = wait([self], timeout)
  File "/home/dgxuser16/anaconda3/envs/ihpc/lib/python3.8/multiprocessing/connection.py", line 931, in wait
    ready = selector.select(timeout)
  File "/home/dgxuser16/anaconda3/envs/ihpc/lib/python3.8/selectors.py", line 415, in select
    fd_event_list = self._selector.poll(timeout)
  File "/home/dgxuser16/.local/lib/python3.8/site-packages/torch/utils/data/_utils/signal_handling.py", line 66, in handler
    _error_if_any_worker_fails()
RuntimeError: DataLoader worker (pid 1954118) is killed by signal: Segmentation fault. 

The above exception was the direct cause of the following exception:

Traceback (most recent call last):
  File "client_1.py", line 156, in <module>
    fl.client.start_client(
  File "/home/dgxuser16/.local/lib/python3.8/site-packages/flwr/client/app.py", line 291, in start_client
    _start_client_internal(
  File "/home/dgxuser16/.local/lib/python3.8/site-packages/flwr/client/app.py", line 503, in _start_client_internal
    raise ex
  File "/home/dgxuser16/.local/lib/python3.8/site-packages/flwr/client/app.py", line 496, in _start_client_internal
    reply_message = client_app(message=message, context=context)
  File "/home/dgxuser16/.local/lib/python3.8/site-packages/flwr/client/client_app.py", line 98, in __call__
    return self._call(message, context)
  File "/home/dgxuser16/.local/lib/python3.8/site-packages/flwr/client/client_app.py", line 81, in ffn
    out_message = handle_legacy_message_from_msgtype(
  File "/home/dgxuser16/.local/lib/python3.8/site-packages/flwr/client/message_handler/message_handler.py", line 130, in handle_legacy_message_from_msgtype
    fit_res = maybe_call_fit(
  File "/home/dgxuser16/.local/lib/python3.8/site-packages/flwr/client/client.py", line 234, in maybe_call_fit
    return client.fit(fit_ins)
  File "/home/dgxuser16/.local/lib/python3.8/site-packages/flwr/client/numpy_client.py", line 238, in _fit
    results = self.numpy_client.fit(parameters, ins.config)  # type: ignore
  File "client_1.py", line 123, in fit
    train(
  File "client_1.py", line 67, in train
    for images, labels in trainloader:
  File "/home/dgxuser16/.local/lib/python3.8/site-packages/torch/utils/data/dataloader.py", line 630, in __next__
    data = self._next_data()
  File "/home/dgxuser16/.local/lib/python3.8/site-packages/torch/utils/data/dataloader.py", line 1328, in _next_data
    idx, data = self._get_data()
  File "/home/dgxuser16/.local/lib/python3.8/site-packages/torch/utils/data/dataloader.py", line 1294, in _get_data
    success, data = self._try_get_data()
  File "/home/dgxuser16/.local/lib/python3.8/site-packages/torch/utils/data/dataloader.py", line 1145, in _try_get_data
    raise RuntimeError(f'DataLoader worker (pid(s) {pids_str}) exited unexpectedly') from e
RuntimeError: DataLoader worker (pid(s) 1954118) exited unexpectedly
